# JRE version: Java(TM) SE Runtime Environment (8.0_05-b13) (build 1.8.0_05-b13)
# Java VM: Java HotSpot(TM) 64-Bit Server VM (25.5-b02 mixed mode bsd-amd64 compressed oops)
Heap:
 PSYoungGen      total 2560K, used 2272K [0x0000000173180000, 0x0000000173780000, 0x000000019dc00000)
  eden space 2048K, 87% used [0x0000000173180000,0x00000001733403d0,0x0000000173380000)
  from space 512K, 93% used [0x0000000173380000,0x00000001733f8010,0x0000000173400000)
  to   space 1024K, 0% used [0x0000000173680000,0x0000000173680000,0x0000000173780000)
 ParOldGen       total 129536K, used 844K [0x000000011dc00000, 0x0000000125a80000, 0x0000000173180000)
  object space 129536K, 0% used [0x000000011dc00000,0x000000011dcd3030,0x0000000125a80000)
 Metaspace       used 5848K, capacity 6934K, committed 7168K, reserved 1056768K
  class space    used 701K, capacity 714K, committed 768K, reserved 1048576K
GC Heap History (10 events):
Event: 0.101 GC heap before
{Heap before GC invocations=1 (full 0):
 PSYoungGen      total 1024K, used 512K [0x0000000173180000, 0x0000000173300000, 0x000000019dc00000)
  eden space 512K, 100% used [0x0000000173180000,0x0000000173200000,0x0000000173200000)
  from space 512K, 0% used [0x0000000173280000,0x0000000173280000,0x0000000173300000)
  to   space 512K, 0% used [0x0000000173200000,0x0000000173200000,0x0000000173280000)
 ParOldGen       total 129536K, used 0K [0x000000011dc00000, 0x0000000125a80000, 0x0000000173180000)
  object space 129536K, 0% used [0x000000011dc00000,0x000000011dc00000,0x0000000125a80000)
 Metaspace       used 2485K, capacity 4480K, committed 4480K, reserved 1056768K
  class space    used 268K, capacity 384K, committed 384K, reserved 1048576K
Event: 0.102 GC heap after
Heap after GC invocations=1 (full 0):
 PSYoungGen      total 1024K, used 464K [0x0000000173180000, 0x0000000173380000, 0x000000019dc00000)
  eden space 512K, 0% used [0x0000000173180000,0x0000000173180000,0x0000000173200000)
  from space 512K, 90% used [0x0000000173200000,0x0000000173274010,0x0000000173280000)
  to   space 512K, 0% used [0x0000000173300000,0x0000000173300000,0x0000000173380000)
 ParOldGen       total 129536K, used 8K [0x000000011dc00000, 0x0000000125a80000, 0x0000000173180000)
  object space 129536K, 0% used [0x000000011dc00000,0x000000011dc02000,0x0000000125a80000)
 Metaspace       used 2485K, capacity 4480K, committed 4480K, reserved 1056768K
  class space    used 268K, capacity 384K, committed 384K, reserved 1048576K
}
Event: 0.137 GC heap before
{Heap before GC invocations=2 (full 0):
 PSYoungGen      total 1024K, used 976K [0x0000000173180000, 0x0000000173380000, 0x000000019dc00000)
  eden space 512K, 100% used [0x0000000173180000,0x0000000173200000,0x0000000173200000)
  from space 512K, 90% used [0x0000000173200000,0x0000000173274010,0x0000000173280000)
  to   space 512K, 0% used [0x0000000173300000,0x0000000173300000,0x0000000173380000)
 ParOldGen       total 129536K, used 8K [0x000000011dc00000, 0x0000000125a80000, 0x0000000173180000)
  object space 129536K, 0% used [0x000000011dc00000,0x000000011dc02000,0x0000000125a80000)
 Metaspace       used 2922K, capacity 4564K, committed 4864K, reserved 1056768K
  class space    used 320K, capacity 392K, committed 512K, reserved 1048576K
Event: 0.138 GC heap after
Heap after GC invocations=2 (full 0):
 PSYoungGen      total 1536K, used 496K [0x0000000173180000, 0x0000000173380000, 0x000000019dc00000)
  eden space 1024K, 0% used [0x0000000173180000,0x0000000173180000,0x0000000173280000)
  from space 512K, 96% used [0x0000000173300000,0x000000017337c010,0x0000000173380000)
  to   space 512K, 0% used [0x0000000173280000,0x0000000173280000,0x0000000173300000)
 ParOldGen       total 129536K, used 72K [0x000000011dc00000, 0x0000000125a80000, 0x0000000173180000)
  object space 129536K, 0% used [0x000000011dc00000,0x000000011dc12000,0x0000000125a80000)
 Metaspace       used 2922K, capacity 4564K, committed 4864K, reserved 1056768K
  class space    used 320K, capacity 392K, committed 512K, reserved 1048576K
}
Event: 0.177 GC heap before
{Heap before GC invocations=3 (full 0):
 PSYoungGen      total 1536K, used 1520K [0x0000000173180000, 0x0000000173380000, 0x000000019dc00000)
  eden space 1024K, 100% used [0x0000000173180000,0x0000000173280000,0x0000000173280000)
  from space 512K, 96% used [0x0000000173300000,0x000000017337c010,0x0000000173380000)
  to   space 512K, 0% used [0x0000000173280000,0x0000000173280000,0x0000000173300000)
 ParOldGen       total 129536K, used 72K [0x000000011dc00000, 0x0000000125a80000, 0x0000000173180000)
  object space 129536K, 0% used [0x000000011dc00000,0x000000011dc12000,0x0000000125a80000)
 Metaspace       used 3408K, capacity 5014K, committed 5120K, reserved 1056768K
  class space    used 378K, capacity 458K, committed 512K, reserved 1048576K
Event: 0.178 GC heap after
Heap after GC invocations=3 (full 0):
 PSYoungGen      total 1536K, used 512K [0x0000000173180000, 0x0000000173480000, 0x000000019dc00000)
  eden space 1024K, 0% used [0x0000000173180000,0x0000000173180000,0x0000000173280000)
  from space 512K, 100% used [0x0000000173280000,0x0000000173300000,0x0000000173300000)
  to   space 512K, 0% used [0x0000000173400000,0x0000000173400000,0x0000000173480000)
 ParOldGen       total 129536K, used 152K [0x000000011dc00000, 0x0000000125a80000, 0x0000000173180000)
  object space 129536K, 0% used [0x000000011dc00000,0x000000011dc26000,0x0000000125a80000)
 Metaspace       used 3408K, capacity 5014K, committed 5120K, reserved 1056768K
  class space    used 378K, capacity 458K, committed 512K, reserved 1048576K
}
Event: 0.372 GC heap before
{Heap before GC invocations=4 (full 0):
 PSYoungGen      total 1536K, used 1536K [0x0000000173180000, 0x0000000173480000, 0x000000019dc00000)
  eden space 1024K, 100% used [0x0000000173180000,0x0000000173280000,0x0000000173280000)
  from space 512K, 100% used [0x0000000173280000,0x0000000173300000,0x0000000173300000)
  to   space 512K, 0% used [0x0000000173400000,0x0000000173400000,0x0000000173480000)
 ParOldGen       total 129536K, used 152K [0x000000011dc00000, 0x0000000125a80000, 0x0000000173180000)
  object space 129536K, 0% used [0x000000011dc00000,0x000000011dc26000,0x0000000125a80000)
 Metaspace       used 4099K, capacity 5462K, committed 5760K, reserved 1056768K
  class space    used 459K, capacity 522K, committed 640K, reserved 1048576K
Event: 0.373 GC heap after
Heap after GC invocations=4 (full 0):
 PSYoungGen      total 2560K, used 496K [0x0000000173180000, 0x0000000173480000, 0x000000019dc00000)
  eden space 2048K, 0% used [0x0000000173180000,0x0000000173180000,0x0000000173380000)
  from space 512K, 96% used [0x0000000173400000,0x000000017347c010,0x0000000173480000)
  to   space 512K, 0% used [0x0000000173380000,0x0000000173380000,0x0000000173400000)
 ParOldGen       total 129536K, used 256K [0x000000011dc00000, 0x0000000125a80000, 0x0000000173180000)
  object space 129536K, 0% used [0x000000011dc00000,0x000000011dc40000,0x0000000125a80000)
 Metaspace       used 4099K, capacity 5462K, committed 5760K, reserved 1056768K
  class space    used 459K, capacity 522K, committed 640K, reserved 1048576K
}
Event: 0.457 GC heap before
{Heap before GC invocations=5 (full 0):
 PSYoungGen      total 2560K, used 2544K [0x0000000173180000, 0x0000000173480000, 0x000000019dc00000)
  eden space 2048K, 100% used [0x0000000173180000,0x0000000173380000,0x0000000173380000)
  from space 512K, 96% used [0x0000000173400000,0x000000017347c010,0x0000000173480000)
  to   space 512K, 0% used [0x0000000173380000,0x0000000173380000,0x0000000173400000)
 ParOldGen       total 129536K, used 256K [0x000000011dc00000, 0x0000000125a80000, 0x0000000173180000)
  object space 129536K, 0% used [0x000000011dc00000,0x000000011dc40000,0x0000000125a80000)
 Metaspace       used 4871K, capacity 6230K, committed 6528K, reserved 1056768K
  class space    used 519K, capacity 586K, committed 640K, reserved 1048576K
Event: 0.458 GC heap after
Heap after GC invocations=5 (full 0):
 PSYoungGen      total 2560K, used 480K [0x0000000173180000, 0x0000000173780000, 0x000000019dc00000)
  eden space 2048K, 0% used [0x0000000173180000,0x0000000173180000,0x0000000173380000)
  from space 512K, 93% used [0x0000000173380000,0x00000001733f8010,0x0000000173400000)
  to   space 1024K, 0% used [0x0000000173680000,0x0000000173680000,0x0000000173780000)
 ParOldGen       total 129536K, used 844K [0x000000011dc00000, 0x0000000125a80000, 0x0000000173180000)
  object space 129536K, 0% used [0x000000011dc00000,0x000000011dcd3030,0x0000000125a80000)
 Metaspace       used 4871K, capacity 6230K, committed 6528K, reserved 1056768K
  class space    used 519K, capacity 586K, committed 640K, reserved 1048576K
}

